<?xml version="1.0" encoding="UTF-8"?>
<!-- Generated by org.testng.reporters.JUnitXMLReporter -->
<testsuite ignored="0" hostname="38MTXF3" failures="0" tests="6" name="Default test" time="10.252" errors="0" timestamp="2024-06-07T22:40:25 IST">
  <testcase classname="api.test.DDTest" name="testPostUser" time="3.039"/>
  <testcase classname="api.test.DDTest" name="testPostUser" time="1.219"/>
  <testcase classname="api.test.DDTest" name="testPostUser" time="1.072"/>
  <testcase classname="api.test.DDTest" name="testDeleteByUserName" time="1.122"/>
  <testcase classname="api.test.DDTest" name="testDeleteByUserName" time="1.034"/>
  <testcase classname="api.test.DDTest" name="testDeleteByUserName" time="1.154"/>
</testsuite> <!-- Default test -->
