<?xml version="1.0" encoding="UTF-8"?>
<testng-results ignored="0" total="4" passed="4" failed="0" skipped="0">
  <reporter-output>
  </reporter-output>
  <suite started-at="2024-06-10T11:58:10 IST" name="PetSuite" finished-at="2024-06-10T11:58:18 IST" duration-ms="8133">
    <groups>
    </groups>
    <test started-at="2024-06-10T11:58:10 IST" name="PetTest" finished-at="2024-06-10T11:58:18 IST" duration-ms="8133">
      <class name="api.test.UserTest">
        <test-method is-config="true" signature="setupData()[pri:0, instance:api.test.UserTest@15eb5ee5]" started-at="2024-06-10T11:58:10 IST" name="setupData" finished-at="2024-06-10T11:58:11 IST" duration-ms="648" status="PASS">
          <reporter-output>
          </reporter-output>
        </test-method> <!-- setupData -->
        <test-method signature="testPostUser()[pri:1, instance:api.test.UserTest@15eb5ee5]" started-at="2024-06-10T11:58:11 IST" name="testPostUser" finished-at="2024-06-10T11:58:14 IST" duration-ms="2643" status="PASS">
          <reporter-output>
          </reporter-output>
        </test-method> <!-- testPostUser -->
        <test-method signature="testGetUserByName()[pri:2, instance:api.test.UserTest@15eb5ee5]" started-at="2024-06-10T11:58:14 IST" name="testGetUserByName" finished-at="2024-06-10T11:58:15 IST" duration-ms="1144" status="PASS">
          <reporter-output>
          </reporter-output>
        </test-method> <!-- testGetUserByName -->
        <test-method signature="testUpdateUser()[pri:3, instance:api.test.UserTest@15eb5ee5]" started-at="2024-06-10T11:58:15 IST" name="testUpdateUser" finished-at="2024-06-10T11:58:17 IST" duration-ms="2276" status="PASS">
          <reporter-output>
          </reporter-output>
        </test-method> <!-- testUpdateUser -->
        <test-method signature="testDeleteUserByName()[pri:4, instance:api.test.UserTest@15eb5ee5]" started-at="2024-06-10T11:58:17 IST" name="testDeleteUserByName" finished-at="2024-06-10T11:58:18 IST" duration-ms="1162" status="PASS">
          <reporter-output>
          </reporter-output>
        </test-method> <!-- testDeleteUserByName -->
      </class> <!-- api.test.UserTest -->
    </test> <!-- PetTest -->
  </suite> <!-- PetSuite -->
</testng-results>
