<?xml version="1.0" encoding="UTF-8"?>
<testng-results ignored="0" total="4" passed="4" failed="0" skipped="0">
  <reporter-output>
  </reporter-output>
  <suite started-at="2024-06-09T23:14:43 IST" name="PetSuite" finished-at="2024-06-09T23:14:54 IST" duration-ms="10837">
    <groups>
    </groups>
    <test started-at="2024-06-09T23:14:43 IST" name="PetTest" finished-at="2024-06-09T23:14:54 IST" duration-ms="10837">
      <class name="api.test.UserTest">
        <test-method is-config="true" signature="setupData()[pri:0, instance:api.test.UserTest@4135c3b]" started-at="2024-06-09T23:14:43 IST" name="setupData" finished-at="2024-06-09T23:14:44 IST" duration-ms="742" status="PASS">
          <reporter-output>
          </reporter-output>
        </test-method> <!-- setupData -->
        <test-method signature="testPostUser()[pri:1, instance:api.test.UserTest@4135c3b]" started-at="2024-06-09T23:14:44 IST" name="testPostUser" finished-at="2024-06-09T23:14:47 IST" duration-ms="3518" status="PASS">
          <reporter-output>
          </reporter-output>
        </test-method> <!-- testPostUser -->
        <test-method signature="testGetUserByName()[pri:2, instance:api.test.UserTest@4135c3b]" started-at="2024-06-09T23:14:47 IST" name="testGetUserByName" finished-at="2024-06-09T23:14:49 IST" duration-ms="1607" status="PASS">
          <reporter-output>
          </reporter-output>
        </test-method> <!-- testGetUserByName -->
        <test-method signature="testUpdateUser()[pri:3, instance:api.test.UserTest@4135c3b]" started-at="2024-06-09T23:14:49 IST" name="testUpdateUser" finished-at="2024-06-09T23:14:52 IST" duration-ms="3188" status="PASS">
          <reporter-output>
          </reporter-output>
        </test-method> <!-- testUpdateUser -->
        <test-method signature="testDeleteUserByName()[pri:4, instance:api.test.UserTest@4135c3b]" started-at="2024-06-09T23:14:52 IST" name="testDeleteUserByName" finished-at="2024-06-09T23:14:54 IST" duration-ms="1363" status="PASS">
          <reporter-output>
          </reporter-output>
        </test-method> <!-- testDeleteUserByName -->
      </class> <!-- api.test.UserTest -->
    </test> <!-- PetTest -->
  </suite> <!-- PetSuite -->
</testng-results>
