<?xml version="1.0" encoding="UTF-8"?>
<!-- Generated by org.testng.reporters.JUnitXMLReporter -->
<testsuite ignored="0" hostname="38MTXF3" failures="0" tests="4" name="PetTest" time="8.133" errors="0" timestamp="2024-06-10T11:58:19 IST">
  <testcase classname="api.test.UserTest" name="testPostUser" time="2.643"/>
  <testcase classname="api.test.UserTest" name="testGetUserByName" time="1.144"/>
  <testcase classname="api.test.UserTest" name="testUpdateUser" time="2.276"/>
  <testcase classname="api.test.UserTest" name="testDeleteUserByName" time="1.162"/>
</testsuite> <!-- PetTest -->
