<?xml version="1.0" encoding="UTF-8"?>
<!-- Generated by org.testng.reporters.JUnitXMLReporter -->
<testsuite ignored="0" hostname="38MTXF3" failures="0" tests="4" name="PetTest" time="10.837" errors="0" timestamp="2024-06-09T23:14:54 IST">
  <testcase classname="api.test.UserTest" name="testPostUser" time="3.518"/>
  <testcase classname="api.test.UserTest" name="testGetUserByName" time="1.607"/>
  <testcase classname="api.test.UserTest" name="testUpdateUser" time="3.188"/>
  <testcase classname="api.test.UserTest" name="testDeleteUserByName" time="1.363"/>
</testsuite> <!-- PetTest -->
